🏗️  Building Palace for BrowserStack...
━━━━━━━━━━━━━━━━━━━━━━━━━━━━━━━━━━━━━━━━

🧹 Cleaning previous builds...
🔨 Building Palace...

     deferred symlink (/Users/mauricework/PalaceProject/ios-core/build/SourcePackages/artifacts/extract/googleappmeasurement/GoogleAppMeasurementIdentitySupport/F2DC11BB-9F25-471B-9A55-2B2F0753CE63/GoogleAppMeasurementIdentitySupport.xcframework/macos-arm64_x86_64/GoogleAppMeasurementIdentitySupport.framework/Versions/Current) failed:
     deferred symlink (/Users/mauricework/PalaceProject/ios-core/build/SourcePackages/artifacts/extract/googleappmeasurement/GoogleAppMeasurementIdentitySupport/F2DC11BB-9F25-471B-9A55-2B2F0753CE63/GoogleAppMeasurementIdentitySupport.xcframework/macos-arm64_x86_64/GoogleAppMeasurementIdentitySupport.framework/GoogleAppMeasurementIdentitySupport) failed:
     deferred symlink (/Users/mauricework/PalaceProject/ios-core/build/SourcePackages/artifacts/extract/googleappmeasurement/GoogleAppMeasurementIdentitySupport/F2DC11BB-9F25-471B-9A55-2B2F0753CE63/GoogleAppMeasurementIdentitySupport.xcframework/macos-arm64_x86_64/GoogleAppMeasurementIdentitySupport.framework/Modules) failed:
     cannot set modif./access times for /Users/mauricework/PalaceProject/ios-core/build/SourcePackages/artifacts/extract/googleappmeasurement/GoogleAppMeasurementIdentitySupport/F2DC11BB-9F25-471B-9A55-2B2F0753CE63/GoogleAppMeasurementIdentitySupport.xcframework/tvos-arm64_x86_64-simulator/GoogleAppMeasurementIdentitySupport.framework/Modules
     cannot set permissions for /Users/mauricework/PalaceProject/ios-core/build/SourcePackages/artifacts/extract/googleappmeasurement/GoogleAppMeasurementIdentitySupport/F2DC11BB-9F25-471B-9A55-2B2F0753CE63/GoogleAppMeasurementIdentitySupport.xcframework/tvos-arm64_x86_64-simulator/GoogleAppMeasurementIdentitySupport.framework/Modules
     set times/attribs failed for /Users/mauricework/PalaceProject/ios-core/build/SourcePackages/artifacts/extract/googleappmeasurement/GoogleAppMeasurementIdentitySupport/F2DC11BB-9F25-471B-9A55-2B2F0753CE63/GoogleAppMeasurementIdentitySupport.xcframework/tvos-arm64_x86_64-simulator/GoogleAppMeasurementIdentitySupport.framework/Modules
     cannot set modif./access times for /Users/mauricework/PalaceProject/ios-core/build/SourcePackages/artifacts/extract/googleappmeasurement/GoogleAppMeasurementIdentitySupport/F2DC11BB-9F25-471B-9A55-2B2F0753CE63/GoogleAppMeasurementIdentitySupport.xcframework/tvos-arm64_x86_64-simulator/GoogleAppMeasurementIdentitySupport.framework
     cannot set permissions for /Users/mauricework/PalaceProject/ios-core/build/SourcePackages/artifacts/extract/googleappmeasurement/GoogleAppMeasurementIdentitySupport/F2DC11BB-9F25-471B-9A55-2B2F0753CE63/GoogleAppMeasurementIdentitySupport.xcframework/tvos-arm64_x86_64-simulator/GoogleAppMeasurementIdentitySupport.framework
     set times/attribs failed for /Users/mauricework/PalaceProject/ios-core/build/SourcePackages/artifacts/extract/googleappmeasurement/GoogleAppMeasurementIdentitySupport/F2DC11BB-9F25-471B-9A55-2B2F0753CE63/GoogleAppMeasurementIdentitySupport.xcframework/tvos-arm64_x86_64-simulator/GoogleAppMeasurementIdentitySupport.framework
     cannot set modif./access times for /Users/mauricework/PalaceProject/ios-core/build/SourcePackages/artifacts/extract/googleappmeasurement/GoogleAppMeasurementIdentitySupport/F2DC11BB-9F25-471B-9A55-2B2F0753CE63/GoogleAppMeasurementIdentitySupport.xcframework/tvos-arm64_x86_64-simulator
     cannot set permissions for /Users/mauricework/PalaceProject/ios-core/build/SourcePackages/artifacts/extract/googleappmeasurement/GoogleAppMeasurementIdentitySupport/F2DC11BB-9F25-471B-9A55-2B2F0753CE63/GoogleAppMeasurementIdentitySupport.xcframework/tvos-arm64_x86_64-simulator
     set times/attribs failed for /Users/mauricework/PalaceProject/ios-core/build/SourcePackages/artifacts/extract/googleappmeasurement/GoogleAppMeasurementIdentitySupport/F2DC11BB-9F25-471B-9A55-2B2F0753CE63/GoogleAppMeasurementIdentitySupport.xcframework/tvos-arm64_x86_64-simulator
     cannot set modif./access times for /Users/mauricework/PalaceProject/ios-core/build/SourcePackages/artifacts/extract/googleappmeasurement/GoogleAppMeasurementIdentitySupport/F2DC11BB-9F25-471B-9A55-2B2F0753CE63/GoogleAppMeasurementIdentitySupport.xcframework/tvos-arm64/GoogleAppMeasurementIdentitySupport.framework/Modules
     cannot set permissions for /Users/mauricework/PalaceProject/ios-core/build/SourcePackages/artifacts/extract/googleappmeasurement/GoogleAppMeasurementIdentitySupport/F2DC11BB-9F25-471B-9A55-2B2F0753CE63/GoogleAppMeasurementIdentitySupport.xcframework/tvos-arm64/GoogleAppMeasurementIdentitySupport.framework/Modules
     set times/attribs failed for /Users/mauricework/PalaceProject/ios-core/build/SourcePackages/artifacts/extract/googleappmeasurement/GoogleAppMeasurementIdentitySupport/F2DC11BB-9F25-471B-9A55-2B2F0753CE63/GoogleAppMeasurementIdentitySupport.xcframework/tvos-arm64/GoogleAppMeasurementIdentitySupport.framework/Modules
     cannot set modif./access times for /Users/mauricework/PalaceProject/ios-core/build/SourcePackages/artifacts/extract/googleappmeasurement/GoogleAppMeasurementIdentitySupport/F2DC11BB-9F25-471B-9A55-2B2F0753CE63/GoogleAppMeasurementIdentitySupport.xcframework/tvos-arm64/GoogleAppMeasurementIdentitySupport.framework
     cannot set permissions for /Users/mauricework/PalaceProject/ios-core/build/SourcePackages/artifacts/extract/googleappmeasurement/GoogleAppMeasurementIdentitySupport/F2DC11BB-9F25-471B-9A55-2B2F0753CE63/GoogleAppMeasurementIdentitySupport.xcframework/tvos-arm64/GoogleAppMeasurementIdentitySupport.framework
     set times/attribs failed for /Users/mauricework/PalaceProject/ios-core/build/SourcePackages/artifacts/extract/googleappmeasurement/GoogleAppMeasurementIdentitySupport/F2DC11BB-9F25-471B-9A55-2B2F0753CE63/GoogleAppMeasurementIdentitySupport.xcframework/tvos-arm64/GoogleAppMeasurementIdentitySupport.framework
     cannot set modif./access times for /Users/mauricework/PalaceProject/ios-core/build/SourcePackages/artifacts/extract/googleappmeasurement/GoogleAppMeasurementIdentitySupport/F2DC11BB-9F25-471B-9A55-2B2F0753CE63/GoogleAppMeasurementIdentitySupport.xcframework/tvos-arm64
     cannot set permissions for /Users/mauricework/PalaceProject/ios-core/build/SourcePackages/artifacts/extract/googleappmeasurement/GoogleAppMeasurementIdentitySupport/F2DC11BB-9F25-471B-9A55-2B2F0753CE63/GoogleAppMeasurementIdentitySupport.xcframework/tvos-arm64
     set times/attribs failed for /Users/mauricework/PalaceProject/ios-core/build/SourcePackages/artifacts/extract/googleappmeasurement/GoogleAppMeasurementIdentitySupport/F2DC11BB-9F25-471B-9A55-2B2F0753CE63/GoogleAppMeasurementIdentitySupport.xcframework/tvos-arm64
     cannot set modif./access times for /Users/mauricework/PalaceProject/ios-core/build/SourcePackages/artifacts/extract/googleappmeasurement/GoogleAppMeasurementIdentitySupport/F2DC11BB-9F25-471B-9A55-2B2F0753CE63/GoogleAppMeasurementIdentitySupport.xcframework/macos-arm64_x86_64/GoogleAppMeasurementIdentitySupport.framework/Versions/A/Resources
     cannot set permissions for /Users/mauricework/PalaceProject/ios-core/build/SourcePackages/artifacts/extract/googleappmeasurement/GoogleAppMeasurementIdentitySupport/F2DC11BB-9F25-471B-9A55-2B2F0753CE63/GoogleAppMeasurementIdentitySupport.xcframework/macos-arm64_x86_64/GoogleAppMeasurementIdentitySupport.framework/Versions/A/Resources
     set times/attribs failed for /Users/mauricework/PalaceProject/ios-core/build/SourcePackages/artifacts/extract/googleappmeasurement/GoogleAppMeasurementIdentitySupport/F2DC11BB-9F25-471B-9A55-2B2F0753CE63/GoogleAppMeasurementIdentitySupport.xcframework/macos-arm64_x86_64/GoogleAppMeasurementIdentitySupport.framework/Versions/A/Resources
     cannot set modif./access times for /Users/mauricework/PalaceProject/ios-core/build/SourcePackages/artifacts/extract/googleappmeasurement/GoogleAppMeasurementIdentitySupport/F2DC11BB-9F25-471B-9A55-2B2F0753CE63/GoogleAppMeasurementIdentitySupport.xcframework/macos-arm64_x86_64/GoogleAppMeasurementIdentitySupport.framework/Versions/A/Modules
     cannot set permissions for /Users/mauricework/PalaceProject/ios-core/build/SourcePackages/artifacts/extract/googleappmeasurement/GoogleAppMeasurementIdentitySupport/F2DC11BB-9F25-471B-9A55-2B2F0753CE63/GoogleAppMeasurementIdentitySupport.xcframework/macos-arm64_x86_64/GoogleAppMeasurementIdentitySupport.framework/Versions/A/Modules
     set times/attribs failed for /Users/mauricework/PalaceProject/ios-core/build/SourcePackages/artifacts/extract/googleappmeasurement/GoogleAppMeasurementIdentitySupport/F2DC11BB-9F25-471B-9A55-2B2F0753CE63/GoogleAppMeasurementIdentitySupport.xcframework/macos-arm64_x86_64/GoogleAppMeasurementIdentitySupport.framework/Versions/A/Modules
     cannot set modif./access times for /Users/mauricework/PalaceProject/ios-core/build/SourcePackages/artifacts/extract/googleappmeasurement/GoogleAppMeasurementIdentitySupport/F2DC11BB-9F25-471B-9A55-2B2F0753CE63/GoogleAppMeasurementIdentitySupport.xcframework/macos-arm64_x86_64/GoogleAppMeasurementIdentitySupport.framework/Versions/A
     cannot set permissions for /Users/mauricework/PalaceProject/ios-core/build/SourcePackages/artifacts/extract/googleappmeasurement/GoogleAppMeasurementIdentitySupport/F2DC11BB-9F25-471B-9A55-2B2F0753CE63/GoogleAppMeasurementIdentitySupport.xcframework/macos-arm64_x86_64/GoogleAppMeasurementIdentitySupport.framework/Versions/A
     set times/attribs failed for /Users/mauricework/PalaceProject/ios-core/build/SourcePackages/artifacts/extract/googleappmeasurement/GoogleAppMeasurementIdentitySupport/F2DC11BB-9F25-471B-9A55-2B2F0753CE63/GoogleAppMeasurementIdentitySupport.xcframework/macos-arm64_x86_64/GoogleAppMeasurementIdentitySupport.framework/Versions/A
     cannot set modif./access times for /Users/mauricework/PalaceProject/ios-core/build/SourcePackages/artifacts/extract/googleappmeasurement/GoogleAppMeasurementIdentitySupport/F2DC11BB-9F25-471B-9A55-2B2F0753CE63/GoogleAppMeasurementIdentitySupport.xcframework/macos-arm64_x86_64/GoogleAppMeasurementIdentitySupport.framework/Versions
     cannot set permissions for /Users/mauricework/PalaceProject/ios-core/build/SourcePackages/artifacts/extract/googleappmeasurement/GoogleAppMeasurementIdentitySupport/F2DC11BB-9F25-471B-9A55-2B2F0753CE63/GoogleAppMeasurementIdentitySupport.xcframework/macos-arm64_x86_64/GoogleAppMeasurementIdentitySupport.framework/Versions
     set times/attribs failed for /Users/mauricework/PalaceProject/ios-core/build/SourcePackages/artifacts/extract/googleappmeasurement/GoogleAppMeasurementIdentitySupport/F2DC11BB-9F25-471B-9A55-2B2F0753CE63/GoogleAppMeasurementIdentitySupport.xcframework/macos-arm64_x86_64/GoogleAppMeasurementIdentitySupport.framework/Versions
     cannot set modif./access times for /Users/mauricework/PalaceProject/ios-core/build/SourcePackages/artifacts/extract/googleappmeasurement/GoogleAppMeasurementIdentitySupport/F2DC11BB-9F25-471B-9A55-2B2F0753CE63/GoogleAppMeasurementIdentitySupport.xcframework/macos-arm64_x86_64/GoogleAppMeasurementIdentitySupport.framework
     cannot set permissions for /Users/mauricework/PalaceProject/ios-core/build/SourcePackages/artifacts/extract/googleappmeasurement/GoogleAppMeasurementIdentitySupport/F2DC11BB-9F25-471B-9A55-2B2F0753CE63/GoogleAppMeasurementIdentitySupport.xcframework/macos-arm64_x86_64/GoogleAppMeasurementIdentitySupport.framework
     set times/attribs failed for /Users/mauricework/PalaceProject/ios-core/build/SourcePackages/artifacts/extract/googleappmeasurement/GoogleAppMeasurementIdentitySupport/F2DC11BB-9F25-471B-9A55-2B2F0753CE63/GoogleAppMeasurementIdentitySupport.xcframework/macos-arm64_x86_64/GoogleAppMeasurementIdentitySupport.framework
     cannot set modif./access times for /Users/mauricework/PalaceProject/ios-core/build/SourcePackages/artifacts/extract/googleappmeasurement/GoogleAppMeasurementIdentitySupport/F2DC11BB-9F25-471B-9A55-2B2F0753CE63/GoogleAppMeasurementIdentitySupport.xcframework/macos-arm64_x86_64
     cannot set permissions for /Users/mauricework/PalaceProject/ios-core/build/SourcePackages/artifacts/extract/googleappmeasurement/GoogleAppMeasurementIdentitySupport/F2DC11BB-9F25-471B-9A55-2B2F0753CE63/GoogleAppMeasurementIdentitySupport.xcframework/macos-arm64_x86_64
     set times/attribs failed for /Users/mauricework/PalaceProject/ios-core/build/SourcePackages/artifacts/extract/googleappmeasurement/GoogleAppMeasurementIdentitySupport/F2DC11BB-9F25-471B-9A55-2B2F0753CE63/GoogleAppMeasurementIdentitySupport.xcframework/macos-arm64_x86_64
     cannot set modif./access times for /Users/mauricework/PalaceProject/ios-core/build/SourcePackages/artifacts/extract/googleappmeasurement/GoogleAppMeasurementIdentitySupport/F2DC11BB-9F25-471B-9A55-2B2F0753CE63/GoogleAppMeasurementIdentitySupport.xcframework/_CodeSignature
     cannot set permissions for /Users/mauricework/PalaceProject/ios-core/build/SourcePackages/artifacts/extract/googleappmeasurement/GoogleAppMeasurementIdentitySupport/F2DC11BB-9F25-471B-9A55-2B2F0753CE63/GoogleAppMeasurementIdentitySupport.xcframework/_CodeSignature
     set times/attribs failed for /Users/mauricework/PalaceProject/ios-core/build/SourcePackages/artifacts/extract/googleappmeasurement/GoogleAppMeasurementIdentitySupport/F2DC11BB-9F25-471B-9A55-2B2F0753CE63/GoogleAppMeasurementIdentitySupport.xcframework/_CodeSignature
     cannot set modif./access times for /Users/mauricework/PalaceProject/ios-core/build/SourcePackages/artifacts/extract/googleappmeasurement/GoogleAppMeasurementOnDeviceConversion/AF0BCEF2-5927-4B4A-98EF-CE0D9FD6ECF4/GoogleAppMeasurementOnDeviceConversion.xcframework/ios-arm64_x86_64-simulator/GoogleAppMeasurementOnDeviceConversion.framework/Modules
     cannot set permissions for /Users/mauricework/PalaceProject/ios-core/build/SourcePackages/artifacts/extract/googleappmeasurement/GoogleAppMeasurementOnDeviceConversion/AF0BCEF2-5927-4B4A-98EF-CE0D9FD6ECF4/GoogleAppMeasurementOnDeviceConversion.xcframework/ios-arm64_x86_64-simulator/GoogleAppMeasurementOnDeviceConversion.framework/Modules
     set times/attribs failed for /Users/mauricework/PalaceProject/ios-core/build/SourcePackages/artifacts/extract/googleappmeasurement/GoogleAppMeasurementOnDeviceConversion/AF0BCEF2-5927-4B4A-98EF-CE0D9FD6ECF4/GoogleAppMeasurementOnDeviceConversion.xcframework/ios-arm64_x86_64-simulator/GoogleAppMeasurementOnDeviceConversion.framework/Modules
     cannot set modif./access times for /Users/mauricework/PalaceProject/ios-core/build/SourcePackages/artifacts/extract/googleappmeasurement/GoogleAppMeasurementOnDeviceConversion/AF0BCEF2-5927-4B4A-98EF-CE0D9FD6ECF4/GoogleAppMeasurementOnDeviceConversion.xcframework/ios-arm64_x86_64-simulator/GoogleAppMeasurementOnDeviceConversion.framework
     cannot set permissions for /Users/mauricework/PalaceProject/ios-core/build/SourcePackages/artifacts/extract/googleappmeasurement/GoogleAppMeasurementOnDeviceConversion/AF0BCEF2-5927-4B4A-98EF-CE0D9FD6ECF4/GoogleAppMeasurementOnDeviceConversion.xcframework/ios-arm64_x86_64-simulator/GoogleAppMeasurementOnDeviceConversion.framework
     set times/attribs failed for /Users/mauricework/PalaceProject/ios-core/build/SourcePackages/artifacts/extract/googleappmeasurement/GoogleAppMeasurementOnDeviceConversion/AF0BCEF2-5927-4B4A-98EF-CE0D9FD6ECF4/GoogleAppMeasurementOnDeviceConversion.xcframework/ios-arm64_x86_64-simulator/GoogleAppMeasurementOnDeviceConversion.framework
     cannot set modif./access times for /Users/mauricework/PalaceProject/ios-core/build/SourcePackages/artifacts/extract/googleappmeasurement/GoogleAppMeasurementOnDeviceConversion/AF0BCEF2-5927-4B4A-98EF-CE0D9FD6ECF4/GoogleAppMeasurementOnDeviceConversion.xcframework/ios-arm64_x86_64-simulator
     cannot set permissions for /Users/mauricework/PalaceProject/ios-core/build/SourcePackages/artifacts/extract/googleappmeasurement/GoogleAppMeasurementOnDeviceConversion/AF0BCEF2-5927-4B4A-98EF-CE0D9FD6ECF4/GoogleAppMeasurementOnDeviceConversion.xcframework/ios-arm64_x86_64-simulator
     set times/attribs failed for /Users/mauricework/PalaceProject/ios-core/build/SourcePackages/artifacts/extract/googleappmeasurement/GoogleAppMeasurementOnDeviceConversion/AF0BCEF2-5927-4B4A-98EF-CE0D9FD6ECF4/GoogleAppMeasurementOnDeviceConversion.xcframework/ios-arm64_x86_64-simulator
     cannot set modif./access times for /Users/mauricework/PalaceProject/ios-core/build/SourcePackages/artifacts/extract/googleappmeasurement/GoogleAppMeasurementOnDeviceConversion/AF0BCEF2-5927-4B4A-98EF-CE0D9FD6ECF4/GoogleAppMeasurementOnDeviceConversion.xcframework/_CodeSignature
     cannot set permissions for /Users/mauricework/PalaceProject/ios-core/build/SourcePackages/artifacts/extract/googleappmeasurement/GoogleAppMeasurementOnDeviceConversion/AF0BCEF2-5927-4B4A-98EF-CE0D9FD6ECF4/GoogleAppMeasurementOnDeviceConversion.xcframework/_CodeSignature
     set times/attribs failed for /Users/mauricework/PalaceProject/ios-core/build/SourcePackages/artifacts/extract/googleappmeasurement/GoogleAppMeasurementOnDeviceConversion/AF0BCEF2-5927-4B4A-98EF-CE0D9FD6ECF4/GoogleAppMeasurementOnDeviceConversion.xcframework/_CodeSignature
     cannot set modif./access times for /Users/mauricework/PalaceProject/ios-core/build/SourcePackages/artifacts/extract/googleappmeasurement/GoogleAppMeasurementOnDeviceConversion/AF0BCEF2-5927-4B4A-98EF-CE0D9FD6ECF4/GoogleAppMeasurementOnDeviceConversion.xcframework
     cannot set permissions for /Users/mauricework/PalaceProject/ios-core/build/SourcePackages/artifacts/extract/googleappmeasurement/GoogleAppMeasurementOnDeviceConversion/AF0BCEF2-5927-4B4A-98EF-CE0D9FD6ECF4/GoogleAppMeasurementOnDeviceConversion.xcframework
     set times/attribs failed for /Users/mauricework/PalaceProject/ios-core/build/SourcePackages/artifacts/extract/googleappmeasurement/GoogleAppMeasurementOnDeviceConversion/AF0BCEF2-5927-4B4A-98EF-CE0D9FD6ECF4/GoogleAppMeasurementOnDeviceConversion.xcframework
2025-11-12 12:01:03.969 xcodebuild[66181:47272351] Writing error result bundle to /var/folders/8r/1cqwdphn72d4yq4kbg8vjlk40000gp/T/ResultBundle_2025-12-11_12-01-0003.xcresult
xcodebuild: error: Could not resolve package dependencies:
  file not found at path: /Users/mauricework/PalaceProject/ios-core/build/SourcePackages/artifacts/abseil-cpp-binary/absl/absl.zip
  file not found at path: /Users/mauricework/PalaceProject/ios-core/build/SourcePackages/artifacts/firebase-ios-sdk/FirebaseFirestoreInternal/FirebaseFirestoreInternal.zip
  failed extracting 'https://dl.google.com/firebase/ios/swiftpm/10.28.0/GoogleAppMeasurementIdentitySupport.zip' which is required by binary target 'GoogleAppMeasurementIdentitySupport': warning:  deferred symlink (/Users/mauricework/PalaceProject/ios-core/build/SourcePackages/artifacts/extract/googleappmeasurement/GoogleAppMeasurementIdentitySupport/F2DC11BB-9F25-471B-9A55-2B2F0753CE63/GoogleAppMeasurementIdentitySupport.xcframework/macos-arm64_x86_64/GoogleAppMeasurementIdentitySupport.framework/Resources) failed:
  failed extracting 'https://dl.google.com/firebase/ios/swiftpm/10.28.0/GoogleAppMeasurementOnDeviceConversion.zip' which is required by binary target 'GoogleAppMeasurementOnDeviceConversion':  (warning) cannot set modif./access times
  file not found at path: /Users/mauricework/PalaceProject/ios-core/build/SourcePackages/artifacts/googleappmeasurement/GoogleAppMeasurement/GoogleAppMeasurement.zip
  file not found at path: /Users/mauricework/PalaceProject/ios-core/build/SourcePackages/artifacts/grpc-binary/openssl_grpc/openssl_grpc.zip
  file not found at path: /Users/mauricework/PalaceProject/ios-core/build/SourcePackages/artifacts/grpc-binary/grpc/grpc.zip
  file not found at path: /Users/mauricework/PalaceProject/ios-core/build/SourcePackages/artifacts/swift-protobuf/protoc/protoc-31.1.artifactbundle.zip
  file not found at path: /Users/mauricework/PalaceProject/ios-core/build/SourcePackages/artifacts/grpc-binary/grpcpp/grpcpp.zip
  fatalError


❌ Build failed: App not found at build//Build/Products/Debug-iphoneos/Palace.app
