To load a module from disk after the single executable application is launched, use require("module").createRequire().
Support for bundled module loading or virtual file systems are under discussions in https://github.com/nodejs/single-executable
(Use `qaatlas --trace-warnings ...` to show where the warning was created)
{"level":30,"time":1769803207414,"tool":"qaatlas","target":"/Users/runner/work/ios-core/ios-core","msg":"Starting gap analysis"}
{"level":30,"time":1769803207414,"tool":"qaatlas","preset":"ios","msg":"Applied preset configuration"}
{"level":30,"time":1769803279369,"tool":"qaatlas","file":"qaatlas-output/gap-report.json","msg":"Wrote output file"}

=== Gap Analysis Summary ===
Target: /Users/runner/work/ios-core/ios-core
Total Symbols: 1660
Tested: 481
Untested: 1179
Coverage: 29%

Gaps by Priority:
  High: 757
  Medium: 54
  Low: 368

=== Top 20 Priority Gaps ===
  🔴 acceptEULA [function]
     └─ Palace/Settings/NewSettings/SettingsViewModel.swift:221
  🔴 Account [class] (0% covered)
     └─ Palace/Accounts/Library/Account.swift:382
  🔴 AccountDetails [class]
     └─ Palace/Accounts/Library/Account.swift:33
  🔴 AccountDetailViewModel [class] (9.1% covered)
     └─ Palace/Settings/AccountDetailViewModel.swift:10
  🔴 AccountsManager [class] (23.8% covered)
     └─ Palace/Accounts/Library/AccountsManager.swift:41
  🔴 acquirePublication [function] (0% covered)
     └─ Palace/Reader2/ReaderStackConfiguration/LCP/LicensesService.swift:29
  🔴 addBookmark [function] (0% covered)
     └─ Palace/PDF/Model/TPPPDFDocumentMetadata.swift:135
  🔴 addBookmark [function] (0% covered)
     └─ Palace/Reader2/BusinessLogic/TPPReaderBookmarksBusinessLogic.swift:93
  🔴 adept [function]
     └─ Palace/MyBooks/MyBooksDownloadCenter.swift:2336
  🔴 adept [function]
     └─ Palace/MyBooks/MyBooksDownloadCenter.swift:2412
  🔴 adept [function]
     └─ Palace/MyBooks/MyBooksDownloadCenter.swift:2425
  🔴 AdobeCertificate [class]
     └─ Palace/Reader2/ReaderStackConfiguration/AdobeDRM/AdobeCertificate.swift:15
  🔴 AdobeContentProtectionService [class]
     └─ Palace/Reader2/ReaderStackConfiguration/AdobeDRM/AdobeContentProtectionService.swift:16
  🔴 AdobeDRMContainer [class]
     └─ Palace/Reader2/ReaderStackConfiguration/AdobeDRM/AdobeDRMContainer.h:20
  🔴 AdobeDRMContentProtection [class] (0% covered)
     └─ Palace/Reader2/ReaderStackConfiguration/AdobeDRM/AdobeDRMContentProtection.swift:13
  🔴 AdobeDRMError [enum]
     └─ Palace/Reader2/ReaderStackConfiguration/AdobeDRM/AdobeDRMError.swift:11
  🔴 AdobeDRMLibraryService [class]
     └─ Palace/Reader2/ReaderStackConfiguration/AdobeDRM/AdobeDRMLibraryService.swift:6
  🔴 AdobeDRMService [class]
     └─ Palace/Reader2/ReaderStackConfiguration/AdobeDRM/AdobeCertificate.swift:103
  🔴 alertForProblemDocument [function] (0% covered)
     └─ Palace/MyBooks/MyBooksDownloadCenter.swift:2026
  🔴 applicationDidBecomeActive [function]
     └─ Palace/AppInfrastructure/FirebaseManager.swift:324
  ... and 1159 more (see full report)

Reports written to: ./qaatlas-output

Status: FAIL (critical gaps found)
{"level":30,"time":1769803279373,"tool":"qaatlas","file":"qaatlas-output/gap-report.md","msg":"Wrote output file"}
